{"$message_type":"diagnostic","message":"linking with `cc` failed: exit status: 1","code":null,"level":"error","spans":[],"children":[{"message":"env -u IPHONEOS_DEPLOYMENT_TARGET -u TVOS_DEPLOYMENT_TARGET -u XROS_DEPLOYMENT_TARGET LC_ALL=\"C\" PATH=\"/Users/evgenii/.rustup/toolchains/stable-aarch64-apple-darwin/lib/rustlib/aarch64-apple-darwin/bin:/Library/Frameworks/Python.framework/Versions/3.12/bin:/Library/Frameworks/Python.framework/Versions/3.11/bin:/opt/homebrew/bin:/opt/homebrew/sbin:/usr/local/bin:/System/Cryptexes/App/usr/bin:/usr/bin:/bin:/usr/sbin:/sbin:/var/run/com.apple.security.cryptexd/codex.system/bootstrap/usr/local/bin:/var/run/com.apple.security.cryptexd/codex.system/bootstrap/usr/bin:/var/run/com.apple.security.cryptexd/codex.system/bootstrap/usr/appleinternal/bin:/Library/Apple/usr/bin:/usr/local/share/dotnet:~/.dotnet/tools:/usr/local/go/bin:/Library/Frameworks/Python.framework/Versions/3.12/bin:/Library/Frameworks/Python.framework/Versions/3.11/bin:/Users/evgenii/.cargo/bin:/Users/evgenii/Library/Application Support/Code/User/globalStorage/github.copilot-chat/debugCommand\" VSLANG=\"1033\" ZERO_AR_DATE=\"1\" \"cc\" \"/var/folders/9p/5nqnttmd1pn28hzgknzdmbqh0000gn/T/rustc7SbF2h/symbols.o\" \"<1 object files omitted>\" \"/Users/evgenii/.rustup/toolchains/stable-aarch64-apple-darwin/lib/rustlib/aarch64-apple-darwin/lib/{librustc_std_workspace_core-38ff204e4bd0bb02.rlib,libcore-6a16c20c3dff7df3.rlib,libcompiler_builtins-127b2e95f1a1ab85.rlib}\" \"-arch\" \"arm64\" \"-mmacosx-version-min=11.0.0\" \"-o\" \"/Users/evgenii/Desktop/Develop/Rust/LerRust/ssssex/my_os/target/debug/deps/my_os-16b8ccbda38a5311\" \"-Wl,-dead_strip\" \"-nodefaultlibs\"","code":null,"level":"note","spans":[],"children":[],"rendered":null},{"message":"some arguments are omitted. use `--verbose` to show all linker arguments","code":null,"level":"note","spans":[],"children":[],"rendered":null},{"message":"Undefined symbols for architecture arm64:\n  \"_main\", referenced from:\n      <initial-undefines>\n  \"dyld_stub_binder\", referenced from:\n      <initial-undefines>\nld: symbol(s) not found for architecture arm64\nclang: error: linker command failed with exit code 1 (use -v to see invocation)\n","code":null,"level":"note","spans":[],"children":[],"rendered":null}],"rendered":"\u001b[0m\u001b[1m\u001b[38;5;9merror\u001b[0m\u001b[0m\u001b[1m: linking with `cc` failed: exit status: 1\u001b[0m\n\u001b[0m  \u001b[0m\u001b[0m\u001b[1m\u001b[38;5;12m|\u001b[0m\n\u001b[0m  \u001b[0m\u001b[0m\u001b[1m\u001b[38;5;12m= \u001b[0m\u001b[0m\u001b[1mnote\u001b[0m\u001b[0m: env -u IPHONEOS_DEPLOYMENT_TARGET -u TVOS_DEPLOYMENT_TARGET -u XROS_DEPLOYMENT_TARGET LC_ALL=\"C\" PATH=\"/Users/evgenii/.rustup/toolchains/stable-aarch64-apple-darwin/lib/rustlib/aarch64-apple-darwin/bin:/Library/Frameworks/Python.framework/Versions/3.12/bin:/Library/Frameworks/Python.framework/Versions/3.11/bin:/opt/homebrew/bin:/opt/homebrew/sbin:/usr/local/bin:/System/Cryptexes/App/usr/bin:/usr/bin:/bin:/usr/sbin:/sbin:/var/run/com.apple.security.cryptexd/codex.system/bootstrap/usr/local/bin:/var/run/com.apple.security.cryptexd/codex.system/bootstrap/usr/bin:/var/run/com.apple.security.cryptexd/codex.system/bootstrap/usr/appleinternal/bin:/Library/Apple/usr/bin:/usr/local/share/dotnet:~/.dotnet/tools:/usr/local/go/bin:/Library/Frameworks/Python.framework/Versions/3.12/bin:/Library/Frameworks/Python.framework/Versions/3.11/bin:/Users/evgenii/.cargo/bin:/Users/evgenii/Library/Application Support/Code/User/globalStorage/github.copilot-chat/debugCommand\" VSLANG=\"1033\" ZERO_AR_DATE=\"1\" \"cc\" \"/var/folders/9p/5nqnttmd1pn28hzgknzdmbqh0000gn/T/rustc7SbF2h/symbols.o\" \"<1 object files omitted>\" \"/Users/evgenii/.rustup/toolchains/stable-aarch64-apple-darwin/lib/rustlib/aarch64-apple-darwin/lib/{librustc_std_workspace_core-38ff204e4bd0bb02.rlib,libcore-6a16c20c3dff7df3.rlib,libcompiler_builtins-127b2e95f1a1ab85.rlib}\" \"-arch\" \"arm64\" \"-mmacosx-version-min=11.0.0\" \"-o\" \"/Users/evgenii/Desktop/Develop/Rust/LerRust/ssssex/my_os/target/debug/deps/my_os-16b8ccbda38a5311\" \"-Wl,-dead_strip\" \"-nodefaultlibs\"\u001b[0m\n\u001b[0m  \u001b[0m\u001b[0m\u001b[1m\u001b[38;5;12m= \u001b[0m\u001b[0m\u001b[1mnote\u001b[0m\u001b[0m: some arguments are omitted. use `--verbose` to show all linker arguments\u001b[0m\n\u001b[0m  \u001b[0m\u001b[0m\u001b[1m\u001b[38;5;12m= \u001b[0m\u001b[0m\u001b[1mnote\u001b[0m\u001b[0m: Undefined symbols for architecture arm64:\u001b[0m\n\u001b[0m            \"_main\", referenced from:\u001b[0m\n\u001b[0m                <initial-undefines>\u001b[0m\n\u001b[0m            \"dyld_stub_binder\", referenced from:\u001b[0m\n\u001b[0m                <initial-undefines>\u001b[0m\n\u001b[0m          ld: symbol(s) not found for architecture arm64\u001b[0m\n\u001b[0m          clang: error: linker command failed with exit code 1 (use -v to see invocation)\u001b[0m\n\u001b[0m          \u001b[0m\n\n"}
{"$message_type":"diagnostic","message":"aborting due to 1 previous error","code":null,"level":"error","spans":[],"children":[],"rendered":"\u001b[0m\u001b[1m\u001b[38;5;9merror\u001b[0m\u001b[0m\u001b[1m: aborting due to 1 previous error\u001b[0m\n\n"}
